[ 2023-11-04 13:39:41,328 ] 96 werkzeug - INFO - [31m[1mWARNING: This is a development server. Do not use it in a production deployment. Use a production WSGI server instead.[0m
 * Running on http://127.0.0.1:5000
[ 2023-11-04 13:39:41,328 ] 96 werkzeug - INFO - [33mPress CTRL+C to quit[0m
[ 2023-11-04 13:39:41,335 ] 96 werkzeug - INFO -  * Restarting with stat
[ 2023-11-04 13:39:41,426 ] 96 werkzeug - WARNING -  * Debugger is active!
[ 2023-11-04 13:39:41,434 ] 96 werkzeug - INFO -  * Debugger PIN: 107-059-860
[ 2023-11-04 13:40:23,258 ] 8 root - INFO - Logging Second attempt
[ 2023-11-04 13:40:23,258 ] 96 werkzeug - INFO - 127.0.0.1 - - [04/Nov/2023 13:40:23] "GET / HTTP/1.1" 200 -
[ 2023-11-04 13:40:23,304 ] 96 werkzeug - INFO - 127.0.0.1 - - [04/Nov/2023 13:40:23] "[33mGET /favicon.ico HTTP/1.1[0m" 404 -
[ 2023-11-04 13:40:55,214 ] 8 root - INFO - Logging Second attempt
[ 2023-11-04 13:40:55,215 ] 96 werkzeug - INFO - 127.0.0.1 - - [04/Nov/2023 13:40:55] "GET / HTTP/1.1" 200 -
[ 2023-11-04 13:42:03,761 ] 96 werkzeug - INFO -  * Detected change in '/Users/akshatpandey/endtoend/Modular_Coding/src/exception.py', reloading
[ 2023-11-04 13:42:03,792 ] 96 werkzeug - INFO -  * Restarting with stat
[ 2023-11-04 13:42:09,012 ] 96 werkzeug - INFO -  * Restarting with stat
[ 2023-11-04 13:42:18,233 ] 96 werkzeug - INFO -  * Restarting with stat
[ 2023-11-04 13:42:30,464 ] 96 werkzeug - INFO -  * Restarting with stat
[ 2023-11-04 13:42:32,609 ] 96 werkzeug - INFO -  * Restarting with stat
[ 2023-11-04 13:42:45,854 ] 96 werkzeug - INFO -  * Restarting with stat
[ 2023-11-04 13:43:06,213 ] 96 werkzeug - INFO -  * Restarting with stat
[ 2023-11-04 13:43:11,386 ] 96 werkzeug - INFO -  * Restarting with stat
[ 2023-11-04 13:43:12,527 ] 96 werkzeug - INFO -  * Restarting with stat
[ 2023-11-04 13:43:14,687 ] 96 werkzeug - INFO -  * Restarting with stat
